<?xml version="1.0" encoding="UTF-8"?>
<!-- Generated by org.testng.reporters.JUnitXMLReporter -->
<testsuite hostname="lixiaoyan" ignored="0" tests="2" failures="1" timestamp="04 五月 2018 06:20:18 GMT" time="0.071" errors="0">
  <testcase name="testcase1" time="0.01" classname="TestDemo">
    <failure type="java.lang.AssertionError" message="expected [true] but found [false]">
      <![CDATA[java.lang.AssertionError: expected [true] but found [false]
at TestDemo.testcase1(TestDemo.java:7)
... Removed 35 stack frames]]>
    </failure>
  </testcase> <!-- testcase1 -->
  <testcase name="testcase2" time="0.0" classname="TestDemo"/>
</testsuite>
